<?xml version="1.0" encoding="UTF-8"?>
<!-- Generated by org.testng.reporters.JUnitXMLReporter -->
<testsuite ignored="0" hostname="DESKTOP-8CFJFV0" failures="2" tests="2" name="Test" time="0.051" errors="0" timestamp="2020-09-12T22:30:48 IST">
  <testcase classname="testCode.homePage" name="launchPage" time="0.008">
    <failure type="java.lang.Error" message="Unresolved compilation problems: 
	PJ cannot be resolved
	PJ cannot be resolved
	PJ cannot be resolved
	PJ cannot be resolved
	PJ cannot be resolved
	PJ cannot be resolved
	PJ cannot be resolved
	PJ cannot be resolved
	PJ cannot be resolved
	PJ cannot be resolved
	PJ cannot be resolved
	PJ cannot be resolved
	PJ cannot be resolved
	PJ cannot be resolved
">
      <![CDATA[java.lang.Error: Unresolved compilation problems: 
PJ cannot be resolved
PJ cannot be resolved
PJ cannot be resolved
PJ cannot be resolved
PJ cannot be resolved
PJ cannot be resolved
PJ cannot be resolved
PJ cannot be resolved
PJ cannot be resolved
PJ cannot be resolved
PJ cannot be resolved
PJ cannot be resolved
PJ cannot be resolved
PJ cannot be resolved

at testCode.homePage.launchPage(homePage.java:36)
at java.base/java.util.ArrayList.forEach(ArrayList.java:1510)
... Removed 27 stack frames]]>
    </failure>
  </testcase> <!-- launchPage -->
  <testcase classname="testCode.paymentPage" name="CardDetails" time="0.001">
    <failure type="java.lang.NullPointerException">
      <![CDATA[java.lang.NullPointerException
at testCode.paymentPage.CardDetails(paymentPage.java:18)
at java.base/java.util.ArrayList.forEach(ArrayList.java:1510)
... Removed 27 stack frames]]>
    </failure>
  </testcase> <!-- CardDetails -->
</testsuite> <!-- Test -->
